<?xml version="1.0" encoding="UTF-8"?>
<!-- Generated by org.testng.reporters.JUnitReportReporter -->
<testsuite skipped="0" hostname="DESKTOP-3R73L8V" name="testCases.TC_016_OderHistory" tests="1" failures="0" timestamp="2021-06-01T13:48:03 IST" time="15.230" errors="0">
  <testcase name="test_OrderHistory" time="15.230" classname="testCases.TC_016_OderHistory"/>
  <system-out/>
</testsuite> <!-- testCases.TC_016_OderHistory -->
