<?xml version="1.0" encoding="UTF-8"?>
<!-- Generated by org.testng.reporters.JUnitReportReporter -->
<testsuite skipped="0" hostname="DESKTOP-3R73L8V" name="testCases.TC_008_ProductDisplayPage" tests="1" failures="0" timestamp="2021-06-01T13:48:03 IST" time="20.726" errors="0">
  <testcase name="test_productdisplay" time="20.726" classname="testCases.TC_008_ProductDisplayPage"/>
  <system-out/>
</testsuite> <!-- testCases.TC_008_ProductDisplayPage -->
