<?xml version="1.0" encoding="UTF-8"?>
<!-- Generated by org.testng.reporters.JUnitReportReporter -->
<testsuite skipped="0" hostname="DESKTOP-3R73L8V" name="testCases.TC_007_WishList" tests="1" failures="0" timestamp="2021-06-01T13:48:03 IST" time="32.334" errors="0">
  <testcase name="test_wishlist" time="32.334" classname="testCases.TC_007_WishList"/>
  <system-out/>
</testsuite> <!-- testCases.TC_007_WishList -->
