<?xml version="1.0" encoding="UTF-8"?>
<!-- Generated by org.testng.reporters.JUnitReportReporter -->
<testsuite skipped="0" hostname="DESKTOP-3R73L8V" name="testCases.TC_023_Affiliate" tests="1" failures="0" timestamp="2021-06-01T13:48:03 IST" time="22.952" errors="0">
  <testcase name="test_Newletter" time="22.952" classname="testCases.TC_023_Affiliate"/>
  <system-out/>
</testsuite> <!-- testCases.TC_023_Affiliate -->
