<?xml version="1.0" encoding="UTF-8"?>
<!-- Generated by org.testng.reporters.JUnitReportReporter -->
<testsuite skipped="0" hostname="DESKTOP-3R73L8V" name="testCases.TC_024_ContactUs" tests="1" failures="0" timestamp="2021-06-01T13:48:03 IST" time="21.062" errors="0">
  <testcase name="test_contactus" time="21.062" classname="testCases.TC_024_ContactUs"/>
  <system-out/>
</testsuite> <!-- testCases.TC_024_ContactUs -->
