<?xml version="1.0" encoding="UTF-8"?>
<!-- Generated by org.testng.reporters.JUnitReportReporter -->
<testsuite skipped="0" hostname="DESKTOP-3R73L8V" name="testCases.TC_022_Newsletter" tests="1" failures="0" timestamp="2021-06-01T13:48:03 IST" time="23.929" errors="0">
  <testcase name="test_Newletter" time="23.929" classname="testCases.TC_022_Newsletter"/>
  <system-out/>
</testsuite> <!-- testCases.TC_022_Newsletter -->
